{
  "stats": {
    "suites": 1,
    "tests": 3,
    "passes": 0,
    "pending": 0,
    "failures": 3,
    "start": "2024-11-24T05:41:09.287Z",
    "end": "2024-11-24T05:41:10.998Z",
    "duration": 1711,
    "testsRegistered": 3,
    "passPercent": 0,
    "pendingPercent": 0,
    "other": 1,
    "hasOther": true,
    "skipped": 0,
    "hasSkipped": false
  },
  "results": [
    {
      "uuid": "c75397b2-2e85-44f3-9bc5-e707aa397687",
      "title": "",
      "fullFile": "/Users/andrew/Documents/UCSD/Fall 2024 (Local)/CSE 210/cse210-fa24-group3/uiTestSuite/src/testSuite/uitest.js",
      "file": "/testSuite/uitest.js",
      "beforeHooks": [],
      "afterHooks": [],
      "tests": [],
      "suites": [
        {
          "uuid": "8db611b7-f7b8-445b-931f-d6bc8cca1c84",
          "title": "UI Test",
          "fullFile": "/Users/andrew/Documents/UCSD/Fall 2024 (Local)/CSE 210/cse210-fa24-group3/uiTestSuite/src/testSuite/uitest.js",
          "file": "/testSuite/uitest.js",
          "beforeHooks": [
            {
              "title": "\"before all\" hook in \"UI Test\"",
              "fullTitle": "UI Test \"before all\" hook in \"UI Test\"",
              "timedOut": false,
              "duration": 1705,
              "state": null,
              "speed": null,
              "pass": false,
              "fail": false,
              "pending": false,
              "context": null,
              "code": "// console.info(\"before\")\nbrowser = await puppeteer.launch({\n  headless: false,  // true: run test without window opening / false: window opens\n  args: [\"--no-sandbox\", defaultSetting.WINODW_SIZE_UITEST],\n  slowMo: 30, // 30ms delay\n});\npage = await browser.newPage();\n// page.setDefaultTimeout(150000);\npage.setDefaultNavigationTimeout(0);\nawait page.setViewport({\n  width: defaultSetting.WIDTH_UITEST,\n  height: defaultSetting.HEIGHT_UITEST,\n});\nawait Promise.all([page.goto(defaultSetting.TEST_URL), page.waitForNavigation()]);\nconsole.info(`* Starting UI Test`);\n// util = new Utility(page);\ncurrent_time = util.getTimezone();\n// this.timeout(0);\n// done();",
              "err": {},
              "uuid": "e9e14bb6-40a9-4ba2-8a81-28699e4cda3b",
              "parentUUID": "8db611b7-f7b8-445b-931f-d6bc8cca1c84",
              "isHook": true,
              "skipped": false
            }
          ],
          "afterHooks": [
            {
              "title": "\"after all\" hook for \"UT - 3 : 'About' Text\"",
              "fullTitle": "UI Test \"after all\" hook for \"UT - 3 : 'About' Text\"",
              "timedOut": false,
              "duration": 0,
              "state": "failed",
              "speed": null,
              "pass": false,
              "fail": true,
              "pending": false,
              "context": null,
              "code": "console.info(`\\n* UI Test Completed `);\nlet util = new Utility(page);\ncurrent_time = util.getTimezone();\n\n\nawait page.waitForTimeout(2000);\nawait page.close();\nawait browser.close();\n// Save mochawesome report \nconsole.log(\"Generating Mochawesome report...\");\nconst { generate } = require(\"mochawesome-report-generator\");\nawait generate({\n  reportDir: \"mochawesome-report\",\n  reportFilename: \"uitest-result\",\n});\n// done();",
              "err": {
                "message": "TypeError: page.waitForTimeout is not a function",
                "estack": "TypeError: page.waitForTimeout is not a function\n    at Context.<anonymous> (file:///Users/andrew/Documents/UCSD/Fall%202024%20(Local)/CSE%20210/cse210-fa24-group3/uiTestSuite/src/testSuite/uitest.js:122:16)\n    at process.processImmediate (node:internal/timers:491:21)",
                "diff": null
              },
              "uuid": "7c684314-69d8-4b15-8295-e37f56bedf91",
              "parentUUID": "8db611b7-f7b8-445b-931f-d6bc8cca1c84",
              "isHook": true,
              "skipped": false
            },
            {
              "title": "\"after each\" hook in \"UI Test\"",
              "fullTitle": "UI Test \"after each\" hook in \"UI Test\"",
              "timedOut": false,
              "duration": 0,
              "state": null,
              "speed": null,
              "pass": false,
              "fail": false,
              "pending": false,
              "context": null,
              "code": "// console.log(`Test Result: ${this.currentTest.state}`);\nif (this.currentTest.state == \"failed\") {\n  // To-do : Build list for saving Failed cases {failed_list}\n}",
              "err": {},
              "uuid": "61aa1d4e-e4a2-4fce-af3a-ec3e14317866",
              "parentUUID": "8db611b7-f7b8-445b-931f-d6bc8cca1c84",
              "isHook": true,
              "skipped": false
            }
          ],
          "tests": [
            {
              "title": "UT - 1 : 'DevLog' Text",
              "fullTitle": "UI Test UT - 1 : 'DevLog' Text",
              "timedOut": false,
              "duration": 1,
              "state": "failed",
              "speed": null,
              "pass": false,
              "fail": true,
              "pending": false,
              "context": null,
              "code": "util = new Utility(page);\nconsole.info(`\\n** UI Test #1 - DevLog Test -------------------------`);\ncurrent_time = util.getTimezone();\nmsg = `Test #1 : DevLog Main Page| ${current_time}`;\nconst text_result = await util.getText(XP.main_devlog_xp);\nexpect(text_result).to.equal(\"DevLog\"); // Test for 'About' text\nawait this.timeout(3000)",
              "err": {
                "message": "AssertionError: expected false to equal 'DevLog'",
                "estack": "AssertionError: expected false to equal 'DevLog'\n    at Context.<anonymous> (file:///Users/andrew/Documents/UCSD/Fall%202024%20(Local)/CSE%20210/cse210-fa24-group3/uiTestSuite/src/testSuite/uitest.js:74:28)\n    at process.processTicksAndRejections (node:internal/process/task_queues:105:5)",
                "diff": null
              },
              "uuid": "98610944-6f34-4f3b-a5bc-b3c015508883",
              "parentUUID": "8db611b7-f7b8-445b-931f-d6bc8cca1c84",
              "isHook": false,
              "skipped": false
            },
            {
              "title": "UT - 2 : 'Home' Text",
              "fullTitle": "UI Test UT - 2 : 'Home' Text",
              "timedOut": false,
              "duration": 0,
              "state": "failed",
              "speed": null,
              "pass": false,
              "fail": true,
              "pending": false,
              "context": null,
              "code": "const text_result = await util.getText(XP.main_home_xp);\nexpect(text_result).to.equal(\"Home\"); // Test for 'Store' text\nawait this.timeout(5000)",
              "err": {
                "message": "AssertionError: expected false to equal 'Home'",
                "estack": "AssertionError: expected false to equal 'Home'\n    at Context.<anonymous> (file:///Users/andrew/Documents/UCSD/Fall%202024%20(Local)/CSE%20210/cse210-fa24-group3/uiTestSuite/src/testSuite/uitest.js:82:28)\n    at process.processTicksAndRejections (node:internal/process/task_queues:105:5)",
                "diff": null
              },
              "uuid": "fba6ffa6-a196-40b8-970b-6a21aa28a9f1",
              "parentUUID": "8db611b7-f7b8-445b-931f-d6bc8cca1c84",
              "isHook": false,
              "skipped": false
            },
            {
              "title": "UT - 3 : 'About' Text",
              "fullTitle": "UI Test UT - 3 : 'About' Text",
              "timedOut": false,
              "duration": 0,
              "state": "failed",
              "speed": null,
              "pass": false,
              "fail": true,
              "pending": false,
              "context": null,
              "code": "const text_result = await util.getText(XP.main_about_xp);\nexpect(text_result).to.equal(\"About\"); // Test for 'Store' text\nawait this.timeout(3000)",
              "err": {
                "message": "AssertionError: expected false to equal 'About'",
                "estack": "AssertionError: expected false to equal 'About'\n    at Context.<anonymous> (file:///Users/andrew/Documents/UCSD/Fall%202024%20(Local)/CSE%20210/cse210-fa24-group3/uiTestSuite/src/testSuite/uitest.js:90:28)\n    at process.processTicksAndRejections (node:internal/process/task_queues:105:5)",
                "diff": null
              },
              "uuid": "046339ba-3fad-4b12-a1e8-67dd2f2aa778",
              "parentUUID": "8db611b7-f7b8-445b-931f-d6bc8cca1c84",
              "isHook": false,
              "skipped": false
            }
          ],
          "suites": [],
          "passes": [],
          "failures": [
            "98610944-6f34-4f3b-a5bc-b3c015508883",
            "fba6ffa6-a196-40b8-970b-6a21aa28a9f1",
            "046339ba-3fad-4b12-a1e8-67dd2f2aa778"
          ],
          "pending": [],
          "skipped": [],
          "duration": 1,
          "root": false,
          "rootEmpty": false,
          "_timeout": 60000
        }
      ],
      "passes": [],
      "failures": [],
      "pending": [],
      "skipped": [],
      "duration": 0,
      "root": true,
      "rootEmpty": true,
      "_timeout": 300000
    }
  ],
  "meta": {
    "mocha": {
      "version": "10.8.2"
    },
    "mochawesome": {
      "options": {
        "quiet": false,
        "reportFilename": "index",
        "saveHtml": true,
        "saveJson": true,
        "consoleReporter": "spec",
        "useInlineDiffs": false,
        "code": true
      },
      "version": "7.1.3"
    },
    "marge": {
      "options": {
        "reportDir": "mochawesome-report",
        "reportFilename": "index",
        "overwrite": "true",
        "html": "true",
        "json": "true"
      },
      "version": "6.2.0"
    }
  }
}